<?xml version="1.0" encoding="UTF-8"?>
<!-- Generated by org.testng.reporters.JUnitXMLReporter -->
<testsuite ignored="0" hostname="Anjali" failures="0" tests="7" name="Free CRM App Test Cases" time="68.795" errors="0" timestamp="22 Jan 2023 03:29:46 GMT">
  <testcase classname="com.crm.qa.testcases.LoginPageTest" name="validateLoginPageTitileTest" time="0.024"/>
  <testcase classname="com.crm.qa.testcases.HomePageTest" name="verifyHomePageTitleTest" time="0.013"/>
  <testcase classname="com.crm.qa.testcases.LoginPageTest" name="loginTest" time="0.434"/>
  <testcase classname="com.crm.qa.testcases.HomePageTest" name="verifyUserCorrectNameTest" time="0.964"/>
  <testcase classname="com.crm.qa.testcases.HomePageTest" name="verifyContactsLinkTest" time="1.06"/>
  <testcase classname="com.crm.qa.testcases.HomePageTest" name="verifyDealsLinkTest" time="1.135"/>
  <testcase classname="com.crm.qa.testcases.HomePageTest" name="verifyTasksLinkTest" time="1.298"/>
</testsuite> <!-- Free CRM App Test Cases -->
