<?xml version="1.0" encoding="UTF-8"?>
<!-- Generated by org.testng.reporters.JUnitXMLReporter -->
<testsuite ignored="0" hostname="Anjali" failures="0" tests="3" name="Surefire test" time="34.403" errors="0" timestamp="22 Jan 2023 02:59:29 GMT">
  <testcase classname="com.crm.qa.testcases.ContactsPageTest" name="verifyContactsLableTest" time="0.207"/>
  <testcase classname="com.crm.qa.testcases.HomePageTest" name="verifyHomePageTitleTest" time="0.012"/>
  <testcase classname="com.crm.qa.testcases.LoginPageTest" name="validateLoginPageTitileTest" time="0.02"/>
</testsuite> <!-- Surefire test -->
