<?xml version="1.0" encoding="UTF-8"?>
<!-- Generated by org.testng.reporters.JUnitXMLReporter -->
<testsuite ignored="0" hostname="Anjali" failures="0" tests="4" name="Free CRM Application Test Cases" time="37.787" errors="0" timestamp="22 Jan 2023 03:45:15 GMT">
  <testcase classname="com.crm.qa.testcases.LoginPageTest" name="validateLoginPageTitileTest" time="0.03"/>
  <testcase classname="com.crm.qa.testcases.HomePageTest" name="verifyHomePageTitleTest" time="0.013"/>
  <testcase classname="com.crm.qa.testcases.ContactsPageTest" name="verifyContactsLableTest" time="0.105"/>
  <testcase classname="com.crm.qa.testcases.LoginPageTest" name="loginTest" time="0.379"/>
</testsuite> <!-- Free CRM Application Test Cases -->
