<?xml version="1.0" encoding="UTF-8"?>
<testng-results ignored="0" total="3" passed="3" failed="0" skipped="0">
  <reporter-output>
  </reporter-output>
  <suite started-at="2023-01-22T02:58:54Z" name="Surefire suite" finished-at="2023-01-22T02:59:29Z" duration-ms="34403">
    <groups>
    </groups>
    <test started-at="2023-01-22T02:58:54Z" name="Surefire test" finished-at="2023-01-22T02:59:29Z" duration-ms="34403">
      <class name="com.crm.qa.testcases.HomePageTest">
        <test-method is-config="true" signature="setUp()[pri:0, instance:com.crm.qa.testcases.HomePageTest@442675e1]" started-at="2023-01-22T02:59:10Z" name="setUp" finished-at="2023-01-22T02:59:20Z" duration-ms="10003" status="PASS">
          <reporter-output>
          </reporter-output>
        </test-method> <!-- setUp -->
        <test-method signature="verifyHomePageTitleTest()[pri:1, instance:com.crm.qa.testcases.HomePageTest@442675e1]" started-at="2023-01-22T02:59:20Z" name="verifyHomePageTitleTest" finished-at="2023-01-22T02:59:20Z" duration-ms="12" status="PASS">
          <reporter-output>
          </reporter-output>
        </test-method> <!-- verifyHomePageTitleTest -->
        <test-method is-config="true" signature="teatDown()[pri:0, instance:com.crm.qa.testcases.HomePageTest@442675e1]" started-at="2023-01-22T02:59:20Z" name="teatDown" finished-at="2023-01-22T02:59:21Z" duration-ms="183" status="PASS">
          <reporter-output>
          </reporter-output>
        </test-method> <!-- teatDown -->
      </class> <!-- com.crm.qa.testcases.HomePageTest -->
      <class name="com.crm.qa.testcases.ContactsPageTest">
        <test-method is-config="true" signature="setUp()[pri:0, instance:com.crm.qa.testcases.ContactsPageTest@71248c21]" started-at="2023-01-22T02:58:54Z" name="setUp" finished-at="2023-01-22T02:59:10Z" duration-ms="15507" status="PASS">
          <reporter-output>
          </reporter-output>
        </test-method> <!-- setUp -->
        <test-method signature="verifyContactsLableTest()[pri:1, instance:com.crm.qa.testcases.ContactsPageTest@71248c21]" started-at="2023-01-22T02:59:10Z" name="verifyContactsLableTest" finished-at="2023-01-22T02:59:10Z" duration-ms="207" status="PASS">
          <reporter-output>
          </reporter-output>
        </test-method> <!-- verifyContactsLableTest -->
        <test-method is-config="true" signature="teatDown()[pri:0, instance:com.crm.qa.testcases.ContactsPageTest@71248c21]" started-at="2023-01-22T02:59:10Z" name="teatDown" finished-at="2023-01-22T02:59:10Z" duration-ms="264" status="PASS">
          <reporter-output>
          </reporter-output>
        </test-method> <!-- teatDown -->
      </class> <!-- com.crm.qa.testcases.ContactsPageTest -->
      <class name="com.crm.qa.testcases.LoginPageTest">
        <test-method is-config="true" signature="setUp()[pri:0, instance:com.crm.qa.testcases.LoginPageTest@6166e06f]" started-at="2023-01-22T02:59:21Z" name="setUp" finished-at="2023-01-22T02:59:29Z" duration-ms="7951" status="PASS">
          <reporter-output>
          </reporter-output>
        </test-method> <!-- setUp -->
        <test-method signature="validateLoginPageTitileTest()[pri:1, instance:com.crm.qa.testcases.LoginPageTest@6166e06f]" started-at="2023-01-22T02:59:29Z" name="validateLoginPageTitileTest" finished-at="2023-01-22T02:59:29Z" duration-ms="20" status="PASS">
          <reporter-output>
          </reporter-output>
        </test-method> <!-- validateLoginPageTitileTest -->
        <test-method is-config="true" signature="teatDown()[pri:0, instance:com.crm.qa.testcases.LoginPageTest@6166e06f]" started-at="2023-01-22T02:59:29Z" name="teatDown" finished-at="2023-01-22T02:59:29Z" duration-ms="206" status="PASS">
          <reporter-output>
          </reporter-output>
        </test-method> <!-- teatDown -->
      </class> <!-- com.crm.qa.testcases.LoginPageTest -->
    </test> <!-- Surefire test -->
  </suite> <!-- Surefire suite -->
</testng-results>
